\BOOKMARK [0][-]{section*.2}{\376\377\000I\000n\000t\000r\000o\000d\000u\000z\000i\000o\000n\000e}{}% 1
\BOOKMARK [0][-]{chapter.1}{\376\377\000S\000i\000s\000t\000e\000m\000i\000\040\000d\000i\000\040\000r\000a\000c\000c\000o\000m\000a\000n\000d\000a\000z\000i\000o\000n\000e}{}% 2
\BOOKMARK [1][-]{section.1.1}{\376\377\000F\000o\000r\000m\000a\000l\000i\000z\000z\000a\000z\000i\000o\000n\000e\000\040\000d\000e\000l\000\040\000p\000r\000o\000b\000l\000e\000m\000a}{chapter.1}% 3
\BOOKMARK [2][-]{subsection.1.1.1}{\376\377\000N\000o\000t\000a\000z\000i\000o\000n\000e\000\040\000m\000a\000t\000e\000m\000a\000t\000i\000c\000a}{section.1.1}% 4
\BOOKMARK [2][-]{subsection.1.1.2}{\376\377\000T\000i\000p\000o\000l\000o\000g\000i\000e\000\040\000d\000i\000\040\000F\000e\000e\000d\000b\000a\000c\000k}{section.1.1}% 5
\BOOKMARK [2][-]{subsection.1.1.3}{\376\377\000D\000e\000f\000i\000n\000i\000z\000i\000o\000n\000e\000\040\000d\000e\000l\000\040\000T\000a\000s\000k}{section.1.1}% 6
\BOOKMARK [2][-]{subsection.1.1.4}{\376\377\000S\000f\000i\000d\000e\000\040\000e\000\040\000V\000i\000n\000c\000o\000l\000i\000\040\000d\000e\000l\000\040\000P\000r\000o\000b\000l\000e\000m\000a}{section.1.1}% 7
\BOOKMARK [1][-]{section.1.2}{\376\377\000M\000o\000d\000e\000l\000l\000i\000\040\000d\000i\000\040\000R\000a\000c\000c\000o\000m\000a\000n\000d\000a\000z\000i\000o\000n\000e}{chapter.1}% 8
\BOOKMARK [2][-]{subsection.1.2.1}{\376\377\000M\000o\000d\000e\000l\000l\000i\000\040\000d\000i\000\040\000R\000a\000c\000c\000o\000m\000a\000n\000d\000a\000z\000i\000o\000n\000e\000\040\000t\000r\000a\000d\000i\000z\000i\000o\000n\000a\000l\000i}{section.1.2}% 9
\BOOKMARK [3][-]{subsubsection.1.2.1.1}{\376\377\000C\000o\000n\000t\000e\000n\000t\000-\000B\000a\000s\000e\000d\000\040\000F\000i\000l\000t\000e\000r\000i\000n\000g\000\040\000\050\000C\000B\000F\000\051}{subsection.1.2.1}% 10
\BOOKMARK [3][-]{subsubsection.1.2.1.2}{\376\377\000C\000o\000l\000l\000a\000b\000o\000r\000a\000t\000i\000v\000e\000\040\000F\000i\000l\000t\000e\000r\000i\000n\000g\000\040\000\050\000C\000F\000\051}{subsection.1.2.1}% 11
\BOOKMARK [3][-]{subsubsection.1.2.1.3}{\376\377\000H\000y\000b\000r\000i\000d\000\040\000S\000y\000s\000t\000e\000m}{subsection.1.2.1}% 12
\BOOKMARK [2][-]{subsection.1.2.2}{\376\377\000M\000o\000d\000e\000l\000l\000i\000\040\000d\000i\000\040\000r\000a\000c\000c\000o\000m\000a\000n\000d\000a\000z\000i\000o\000n\000e\000\040\000b\000a\000s\000a\000t\000i\000\040\000s\000u\000\040\000D\000e\000e\000p\000\040\000L\000e\000a\000r\000n\000i\000n\000g}{section.1.2}% 13
\BOOKMARK [3][-]{subsubsection.1.2.2.1}{\376\377\000N\000e\000u\000r\000a\000l\000\040\000C\000o\000l\000l\000a\000b\000o\000r\000a\000t\000i\000v\000e\000\040\000F\000i\000l\000t\000e\000r\000i\000n\000g\000\040\000\050\000N\000C\000F\000\051}{subsection.1.2.2}% 14
\BOOKMARK [3][-]{subsubsection.1.2.2.2}{\376\377\000A\000u\000t\000o\000e\000n\000c\000o\000d\000e\000r\000-\000b\000a\000s\000e\000d\000\040\000C\000o\000l\000l\000a\000b\000o\000r\000a\000t\000i\000v\000e\000\040\000F\000i\000l\000t\000e\000r\000i\000n\000g}{subsection.1.2.2}% 15
\BOOKMARK [3][-]{subsubsection.1.2.2.3}{\376\377\000S\000e\000s\000s\000i\000o\000n\000-\000b\000a\000s\000e\000d\000\040\000R\000e\000c\000o\000m\000m\000e\000n\000d\000a\000t\000i\000o\000n\000s\000\040\000w\000i\000t\000h\000\040\000R\000e\000c\000u\000r\000r\000e\000n\000t\000\040\000N\000e\000u\000r\000a\000l\000\040\000N\000e\000t\000w\000o\000r\000k\000s}{subsection.1.2.2}% 16
\BOOKMARK [3][-]{subsubsection.1.2.2.4}{\376\377\000C\000o\000n\000v\000o\000l\000u\000t\000i\000o\000n\000a\000l\000\040\000M\000a\000t\000r\000i\000x\000\040\000F\000a\000c\000t\000o\000r\000i\000z\000a\000t\000i\000o\000n\000\040\000f\000o\000r\000\040\000D\000o\000c\000u\000m\000e\000n\000t\000\040\000C\000o\000n\000t\000e\000x\000t\000-\000A\000w\000a\000r\000e\000\040\000R\000e\000c\000o\000m\000m\000e\000n\000d\000a\000t\000i\000o\000n}{subsection.1.2.2}% 17
\BOOKMARK [3][-]{subsubsection.1.2.2.5}{\376\377\000S\000e\000l\000f\000-\000A\000t\000t\000e\000n\000t\000i\000v\000e\000\040\000S\000e\000q\000u\000e\000n\000t\000i\000a\000l\000\040\000R\000e\000c\000o\000m\000m\000e\000n\000d\000a\000t\000i\000o\000n\000\040\000\050\000S\000A\000S\000R\000e\000c\000\051}{subsection.1.2.2}% 18
\BOOKMARK [3][-]{subsubsection.1.2.2.6}{\376\377\000G\000e\000n\000e\000r\000a\000t\000i\000v\000e\000\040\000A\000d\000v\000e\000r\000s\000a\000r\000i\000a\000l\000\040\000N\000e\000t\000w\000o\000r\000k\000s\000\040\000b\000a\000s\000e\000d\000\040\000R\000e\000c\000o\000m\000m\000e\000n\000d\000a\000t\000i\000o\000n}{subsection.1.2.2}% 19
\BOOKMARK [3][-]{subsubsection.1.2.2.7}{\376\377\000D\000e\000e\000p\000\040\000R\000e\000i\000n\000f\000o\000r\000c\000e\000m\000e\000n\000t\000\040\000L\000e\000a\000r\000n\000i\000n\000g\000\040\000b\000a\000s\000e\000d\000\040\000R\000e\000c\000o\000m\000m\000e\000n\000d\000a\000t\000i\000o\000n}{subsection.1.2.2}% 20
\BOOKMARK [2][-]{subsection.1.2.3}{\376\377\000M\000o\000d\000e\000l\000l\000i\000\040\000d\000i\000\040\000r\000a\000c\000c\000o\000m\000a\000n\000d\000a\000z\000i\000o\000n\000e\000\040\000b\000a\000s\000a\000t\000i\000\040\000s\000u\000i\000\040\000g\000r\000a\000f\000i}{section.1.2}% 21
\BOOKMARK [3][-]{subsubsection.1.2.3.1}{\376\377\000G\000e\000n\000e\000r\000a\000l\000\040\000R\000e\000c\000o\000m\000m\000e\000n\000d\000a\000t\000i\000o\000n}{subsection.1.2.3}% 22
\BOOKMARK [3][-]{subsubsection.1.2.3.2}{\376\377\000S\000e\000q\000u\000e\000n\000t\000i\000a\000l\000\040\000R\000e\000c\000o\000m\000m\000e\000n\000d\000a\000t\000i\000o\000n}{subsection.1.2.3}% 23
\BOOKMARK [3][-]{subsubsection.1.2.3.3}{\376\377\000S\000o\000c\000i\000a\000l\000\040\000R\000e\000c\000o\000m\000m\000e\000n\000d\000a\000t\000i\000o\000n}{subsection.1.2.3}% 24
\BOOKMARK [3][-]{subsubsection.1.2.3.4}{\376\377\000K\000n\000o\000w\000l\000e\000d\000g\000e\000\040\000G\000r\000a\000p\000h\000-\000b\000a\000s\000e\000d\000\040\000R\000e\000c\000o\000m\000m\000e\000n\000d\000a\000t\000i\000o\000n}{subsection.1.2.3}% 25
\BOOKMARK [2][-]{subsection.1.2.4}{\376\377\000M\000o\000d\000e\000l\000l\000i\000\040\000d\000i\000\040\000r\000a\000c\000c\000o\000m\000a\000n\000d\000a\000z\000i\000o\000n\000e\000\040\000b\000a\000s\000a\000t\000i\000\040\000s\000u\000\040\000S\000e\000l\000f\000-\000S\000u\000p\000e\000r\000v\000i\000s\000e\000d\000\040\000L\000e\000a\000r\000n\000i\000n\000g}{section.1.2}% 26
\BOOKMARK [3][-]{subsubsection.1.2.4.1}{\376\377\000G\000e\000n\000e\000r\000a\000t\000i\000v\000e\000\040\000S\000S\000L}{subsection.1.2.4}% 27
\BOOKMARK [3][-]{subsubsection.1.2.4.2}{\376\377\000C\000o\000n\000t\000r\000a\000s\000t\000i\000v\000e\000\040\000S\000S\000L}{subsection.1.2.4}% 28
\BOOKMARK [3][-]{subsubsection.1.2.4.3}{\376\377\000P\000r\000e\000d\000i\000c\000t\000i\000v\000e\000\040\000S\000S\000L}{subsection.1.2.4}% 29
\BOOKMARK [3][-]{subsubsection.1.2.4.4}{\376\377\000H\000y\000b\000r\000i\000d\000\040\000S\000S\000L}{subsection.1.2.4}% 30
\BOOKMARK [2][-]{subsection.1.2.5}{\376\377\000M\000o\000d\000e\000l\000l\000i\000\040\000d\000i\000\040\000r\000a\000c\000c\000o\000m\000a\000n\000d\000a\000z\000i\000o\000n\000e\000\040\000b\000a\000s\000a\000t\000i\000\040\000s\000u\000\040\000L\000a\000r\000g\000e\000\040\000L\000a\000n\000g\000u\000a\000g\000e\000\040\000M\000o\000d\000e\000l\000s}{section.1.2}% 31
\BOOKMARK [3][-]{subsubsection.1.2.5.1}{\376\377\000D\000i\000s\000c\000r\000i\000m\000i\000n\000a\000t\000i\000v\000e\000\040\000L\000L\000M\000-\000b\000a\000s\000e\000d\000\040\000R\000e\000c\000o\000m\000m\000e\000n\000d\000a\000t\000i\000o\000n}{subsection.1.2.5}% 32
\BOOKMARK [3][-]{subsubsection.1.2.5.2}{\376\377\000G\000e\000n\000e\000r\000a\000t\000i\000v\000e\000\040\000L\000L\000M\000-\000b\000a\000s\000e\000d\000\040\000R\000e\000c\000o\000m\000m\000e\000n\000d\000a\000t\000i\000o\000n}{subsection.1.2.5}% 33
\BOOKMARK [2][-]{subsection.1.2.6}{\376\377\000M\000o\000d\000e\000l\000l\000i\000\040\000d\000i\000\040\000r\000a\000c\000c\000o\000m\000a\000n\000d\000a\000z\000i\000o\000n\000e\000\040\000b\000a\000s\000a\000t\000i\000\040\000s\000u\000\040\000S\000t\000a\000t\000e\000\040\000S\000p\000a\000c\000e\000\040\000M\000o\000d\000e\000l\000s}{section.1.2}% 34
\BOOKMARK [3][-]{subsubsection.1.2.6.1}{\376\377\000S\000t\000r\000u\000c\000t\000u\000r\000e\000d\000\040\000S\000t\000a\000t\000e\000\040\000S\000p\000a\000c\000e\000\040\000\050\000S\0004\000\051}{subsection.1.2.6}% 35
\BOOKMARK [3][-]{subsubsection.1.2.6.2}{\376\377\000S\000e\000l\000e\000c\000t\000i\000v\000e\000\040\000S\000S\000M\000\040\000\050\000M\000a\000m\000b\000a\0004\000R\000e\000c\000\051}{subsection.1.2.6}% 36
\BOOKMARK [3][-]{subsubsection.1.2.6.3}{\376\377\000C\000o\000n\000t\000i\000n\000u\000o\000u\000s\000-\000T\000i\000m\000e\000\040\000M\000o\000d\000e\000l\000i\000n\000g\000\040\000\050\000S\000S\0004\000R\000e\000c\000\051}{subsection.1.2.6}% 37
\BOOKMARK [3][-]{subsubsection.1.2.6.4}{\376\377\000B\000i\000d\000i\000r\000e\000c\000t\000i\000o\000n\000a\000l\000\040\000\046\000\040\000F\000r\000e\000q\000u\000e\000n\000c\000y\000-\000E\000n\000h\000a\000n\000c\000e\000d\000\040\000\050\000E\000c\000h\000o\000M\000a\000m\000b\000a\0004\000R\000e\000c\000\051}{subsection.1.2.6}% 38
\BOOKMARK [3][-]{subsubsection.1.2.6.5}{\376\377\000S\000t\000r\000u\000c\000t\000u\000r\000e\000d\000\040\000S\000t\000a\000t\000e\000\040\000S\000p\000a\000c\000e\000\040\000D\000u\000a\000l\000i\000t\000y\000\040\000\050\000S\000S\000D\000\051}{subsection.1.2.6}% 39
\BOOKMARK [3][-]{subsubsection.1.2.6.6}{\376\377\000H\000y\000b\000r\000i\000d\000\040\000A\000r\000c\000h\000i\000t\000e\000c\000t\000u\000r\000e\000s\000:\000\040\000M\000a\000m\000b\000a\000\040\000+\000\040\000T\000r\000a\000n\000s\000f\000o\000r\000m\000e\000r\000\040\000\050\000M\000a\000T\000r\000R\000e\000c\000\051}{subsection.1.2.6}% 40
\BOOKMARK [1][-]{section.1.3}{\376\377\000A\000t\000t\000a\000c\000c\000h\000i\000\040\000a\000i\000\040\000S\000i\000s\000t\000e\000m\000i\000\040\000d\000i\000\040\000R\000a\000c\000c\000o\000m\000a\000n\000d\000a\000z\000i\000o\000n\000e}{chapter.1}% 41
\BOOKMARK [2][-]{subsection.1.3.1}{\376\377\000T\000a\000s\000s\000o\000n\000o\000m\000i\000a\000\040\000d\000e\000g\000l\000i\000\040\000a\000t\000t\000a\000c\000c\000h\000i}{section.1.3}% 42
\BOOKMARK [3][-]{subsubsection.1.3.1.1}{\376\377\000L\000i\000v\000e\000l\000l\000o\000\040\000d\000i\000\040\000C\000o\000n\000o\000s\000c\000e\000n\000z\000a\000\040\000\050\000K\000n\000o\000w\000l\000e\000d\000g\000e\000\051}{subsection.1.3.1}% 43
\BOOKMARK [3][-]{subsubsection.1.3.1.2}{\376\377\000O\000b\000i\000e\000t\000t\000i\000v\000o\000\040\000d\000e\000l\000l\000'\000A\000t\000t\000a\000c\000c\000o\000\040\000\050\000G\000o\000a\000l\000\051}{subsection.1.3.1}% 44
\BOOKMARK [3][-]{subsubsection.1.3.1.3}{\376\377\000F\000a\000s\000e\000\040\000d\000e\000l\000l\000'\000A\000t\000t\000a\000c\000c\000o\000\040\000\050\000T\000i\000m\000i\000n\000g\000/\000S\000c\000o\000p\000e\000\051}{subsection.1.3.1}% 45
\BOOKMARK [2][-]{subsection.1.3.2}{\376\377\000A\000t\000t\000a\000c\000c\000h\000i\000\040\000d\000i\000\040\000t\000i\000p\000o\000\040\000D\000a\000t\000a\000\040\000P\000o\000i\000s\000o\000n\000i\000n\000g\000\040\000\050\000T\000r\000a\000i\000n\000i\000n\000g\000\040\000P\000h\000a\000s\000e\000\051}{section.1.3}% 46
\BOOKMARK [3][-]{subsubsection.1.3.2.1}{\376\377\000A\000t\000t\000a\000c\000c\000h\000i\000\040\000E\000u\000r\000i\000s\000t\000i\000c\000i\000\040\000\050\000T\000r\000a\000d\000i\000t\000i\000o\000n\000a\000l\000\040\000S\000h\000i\000l\000l\000i\000n\000g\000\051}{subsection.1.3.2}% 47
\BOOKMARK [3][-]{subsubsection.1.3.2.2}{\376\377\000A\000t\000t\000a\000c\000c\000h\000i\000\040\000b\000a\000s\000a\000t\000i\000\040\000s\000u\000\040\000O\000t\000t\000i\000m\000i\000z\000z\000a\000z\000i\000o\000n\000e\000\040\000\050\000W\000h\000i\000t\000e\000-\000B\000o\000x\000\051}{subsection.1.3.2}% 48
\BOOKMARK [3][-]{subsubsection.1.3.2.3}{\376\377\000A\000t\000t\000a\000c\000c\000h\000i\000\040\000G\000e\000n\000e\000r\000a\000t\000i\000v\000i\000\040\000\050\000G\000e\000n\000e\000r\000a\000t\000i\000v\000e\000\040\000L\000e\000a\000r\000n\000i\000n\000g\000\051}{subsection.1.3.2}% 49
\BOOKMARK [3][-]{subsubsection.1.3.2.4}{\376\377\000A\000t\000t\000a\000c\000c\000h\000i\000\040\000b\000a\000s\000a\000t\000i\000\040\000s\000u\000\040\000R\000e\000i\000n\000f\000o\000r\000c\000e\000m\000e\000n\000t\000\040\000L\000e\000a\000r\000n\000i\000n\000g}{subsection.1.3.2}% 50
\BOOKMARK [3][-]{subsubsection.1.3.2.5}{\376\377\000A\000t\000t\000a\000c\000c\000h\000i\000\040\000c\000o\000n\000t\000r\000o\000\040\000M\000o\000d\000e\000l\000l\000i\000\040\000S\000e\000q\000u\000e\000n\000z\000i\000a\000l\000i}{subsection.1.3.2}% 51
\BOOKMARK [3][-]{subsubsection.1.3.2.6}{\376\377\000A\000t\000t\000a\000c\000c\000h\000i\000\040\000c\000o\000n\000t\000r\000o\000\040\000L\000a\000r\000g\000e\000\040\000L\000a\000n\000g\000u\000a\000g\000e\000\040\000M\000o\000d\000e\000l\000s}{subsection.1.3.2}% 52
\BOOKMARK [2][-]{subsection.1.3.3}{\376\377\000A\000t\000t\000a\000c\000c\000h\000i\000\040\000d\000i\000\040\000t\000i\000p\000o\000\040\000E\000v\000a\000s\000i\000o\000n\000\040\000\050\000I\000n\000f\000e\000r\000e\000n\000c\000e\000\040\000P\000h\000a\000s\000e\000\051}{section.1.3}% 53
\BOOKMARK [3][-]{subsubsection.1.3.3.1}{\376\377\000G\000r\000a\000d\000i\000e\000n\000t\000-\000b\000a\000s\000e\000d\000\040\000E\000v\000a\000s\000i\000o\000n\000\040\000\050\000A\000d\000v\000e\000r\000s\000a\000r\000i\000a\000l\000\040\000P\000e\000r\000t\000u\000r\000b\000a\000t\000i\000o\000n\000s\000\051}{subsection.1.3.3}% 54
\BOOKMARK [3][-]{subsubsection.1.3.3.2}{\376\377\000S\000e\000q\000u\000e\000n\000t\000i\000a\000l\000\040\000E\000v\000a\000s\000i\000o\000n\000\040\000\050\000P\000r\000o\000f\000i\000l\000e\000\040\000P\000o\000l\000l\000u\000t\000i\000o\000n\000\051}{subsection.1.3.3}% 55
\BOOKMARK [2][-]{subsection.1.3.4}{\376\377\000A\000t\000t\000a\000c\000c\000h\000i\000\040\000d\000i\000\040\000t\000i\000p\000o\000\040\000M\000o\000d\000e\000l\000\040\000E\000x\000t\000r\000a\000c\000t\000i\000o\000n\000\040\000\050\000P\000r\000i\000v\000a\000c\000y\000\051}{section.1.3}% 56
\BOOKMARK [3][-]{subsubsection.1.3.4.1}{\376\377\000M\000o\000d\000e\000l\000\040\000S\000t\000e\000a\000l\000i\000n\000g}{subsection.1.3.4}% 57
\BOOKMARK [3][-]{subsubsection.1.3.4.2}{\376\377\000A\000t\000t\000r\000i\000b\000u\000t\000e\000\040\000I\000n\000f\000e\000r\000e\000n\000c\000e\000\040\000A\000t\000t\000a\000c\000k}{subsection.1.3.4}% 58
\BOOKMARK [1][-]{section.1.4}{\376\377\000M\000e\000t\000r\000i\000c\000h\000e\000\040\000d\000i\000\040\000V\000a\000l\000u\000t\000a\000z\000i\000o\000n\000e}{chapter.1}% 59
\BOOKMARK [2][-]{subsection.1.4.1}{\376\377\000M\000e\000t\000r\000i\000c\000h\000e\000\040\000d\000i\000\040\000E\000r\000r\000o\000r\000e\000\040\000\050\000P\000r\000e\000d\000i\000c\000t\000i\000o\000n\000\040\000A\000c\000c\000u\000r\000a\000c\000y\000\051}{section.1.4}% 60
\BOOKMARK [2][-]{subsection.1.4.2}{\376\377\000M\000e\000t\000r\000i\000c\000h\000e\000\040\000d\000i\000\040\000C\000l\000a\000s\000s\000i\000f\000i\000c\000a\000z\000i\000o\000n\000e\000\040\000\050\000S\000e\000t\000-\000b\000a\000s\000e\000d\000\051}{section.1.4}% 61
\BOOKMARK [2][-]{subsection.1.4.3}{\376\377\000M\000e\000t\000r\000i\000c\000h\000e\000\040\000d\000i\000\040\000R\000a\000n\000k\000i\000n\000g\000\040\000\050\000P\000o\000s\000i\000t\000i\000o\000n\000-\000A\000w\000a\000r\000e\000\051}{section.1.4}% 62
\BOOKMARK [2][-]{subsection.1.4.4}{\376\377\000M\000e\000t\000r\000i\000c\000h\000e\000\040\000"\000B\000e\000y\000o\000n\000d\000\040\000A\000c\000c\000u\000r\000a\000c\000y\000"\000\040\000\050\000Q\000u\000a\000l\000i\000t\000\340\000\040\000d\000e\000l\000\040\000C\000a\000t\000a\000l\000o\000g\000o\000\051}{section.1.4}% 63
\BOOKMARK [2][-]{subsection.1.4.5}{\376\377\000M\000e\000t\000r\000i\000c\000h\000e\000\040\000d\000i\000\040\000R\000o\000b\000u\000s\000t\000e\000z\000z\000a\000\040\000\050\000S\000e\000c\000u\000r\000i\000t\000y\000\040\000E\000v\000a\000l\000u\000a\000t\000i\000o\000n\000\051}{section.1.4}% 64
\BOOKMARK [3][-]{subsubsection.1.4.5.1}{\376\377\000M\000e\000t\000r\000i\000c\000h\000e\000\040\000d\000i\000\040\000S\000u\000c\000c\000e\000s\000s\000o\000\040\000\050\000O\000f\000f\000e\000n\000s\000i\000v\000e\000\051}{subsection.1.4.5}% 65
\BOOKMARK [3][-]{subsubsection.1.4.5.2}{\376\377\000M\000e\000t\000r\000i\000c\000h\000e\000\040\000d\000i\000\040\000I\000m\000p\000a\000t\000t\000o\000\040\000\050\000C\000o\000l\000l\000a\000t\000e\000r\000a\000l\000\040\000D\000a\000m\000a\000g\000e\000\051}{subsection.1.4.5}% 66
\BOOKMARK [2][-]{subsection.1.4.6}{\376\377\000M\000e\000t\000r\000i\000c\000h\000e\000\040\000d\000i\000\040\000E\000f\000f\000i\000c\000i\000e\000n\000z\000a\000\040\000C\000o\000m\000p\000u\000t\000a\000z\000i\000o\000n\000a\000l\000e}{section.1.4}% 67
\BOOKMARK [0][-]{chapter.2}{\376\377\000R\000e\000i\000n\000f\000o\000r\000c\000e\000m\000e\000n\000t\000\040\000L\000e\000a\000r\000n\000i\000n\000g}{}% 68
\BOOKMARK [1][-]{section.2.1}{\376\377\000P\000a\000r\000a\000d\000i\000g\000m\000i\000\040\000d\000i\000\040\000A\000p\000p\000r\000e\000n\000d\000i\000m\000e\000n\000t\000o\000\040\000A\000u\000t\000o\000m\000a\000t\000i\000c\000o}{chapter.2}% 69
\BOOKMARK [2][-]{subsection.2.1.1}{\376\377\000A\000p\000p\000r\000e\000n\000d\000i\000m\000e\000n\000t\000o\000\040\000S\000u\000p\000e\000r\000v\000i\000s\000i\000o\000n\000a\000t\000o}{section.2.1}% 70
\BOOKMARK [2][-]{subsection.2.1.2}{\376\377\000A\000p\000p\000r\000e\000n\000d\000i\000m\000e\000n\000t\000o\000\040\000N\000o\000n\000\040\000S\000u\000p\000e\000r\000v\000i\000s\000i\000o\000n\000a\000t\000o}{section.2.1}% 71
\BOOKMARK [2][-]{subsection.2.1.3}{\376\377\000A\000p\000p\000r\000e\000n\000d\000i\000m\000e\000n\000t\000o\000\040\000P\000e\000r\000\040\000R\000i\000n\000f\000o\000r\000z\000o\000\040\000\050\000R\000e\000i\000n\000f\000o\000r\000c\000e\000m\000e\000n\000t\000\040\000L\000e\000a\000r\000n\000i\000n\000g\000\051}{section.2.1}% 72
\BOOKMARK [1][-]{section.2.2}{\376\377\000F\000o\000r\000m\000a\000l\000i\000z\000z\000a\000z\000i\000o\000n\000e\000\040\000d\000e\000l\000\040\000p\000r\000o\000b\000l\000e\000m\000a}{chapter.2}% 73
\BOOKMARK [2][-]{subsection.2.2.1}{\376\377\000E\000n\000t\000i\000t\000\340\000\040\000d\000e\000l\000\040\000S\000i\000s\000t\000e\000m\000a}{section.2.2}% 74
\BOOKMARK [3][-]{subsubsection.2.2.1.1}{\376\377\000A\000g\000e\000n\000t\000e}{subsection.2.2.1}% 75
\BOOKMARK [3][-]{subsubsection.2.2.1.2}{\376\377\000A\000m\000b\000i\000e\000n\000t\000e}{subsection.2.2.1}% 76
\BOOKMARK [2][-]{subsection.2.2.2}{\376\377\000S\000p\000a\000z\000i\000\040\000d\000i\000\040\000d\000e\000f\000i\000n\000i\000z\000i\000o\000n\000e}{section.2.2}% 77
\BOOKMARK [3][-]{subsubsection.2.2.2.1}{\376\377\000S\000t\000a\000t\000o}{subsection.2.2.2}% 78
\BOOKMARK [3][-]{subsubsection.2.2.2.2}{\376\377\000O\000s\000s\000e\000r\000v\000a\000z\000i\000o\000n\000e}{subsection.2.2.2}% 79
\BOOKMARK [3][-]{subsubsection.2.2.2.3}{\376\377\000A\000z\000i\000o\000n\000e}{subsection.2.2.2}% 80
\BOOKMARK [2][-]{subsection.2.2.3}{\376\377\000S\000e\000g\000n\000a\000l\000i\000\040\000d\000i\000\040\000F\000e\000e\000d\000b\000a\000c\000k\000\040\000e\000\040\000O\000b\000i\000e\000t\000t\000i\000v\000i}{section.2.2}% 81
\BOOKMARK [3][-]{subsubsection.2.2.3.1}{\376\377\000R\000i\000c\000o\000m\000p\000e\000n\000s\000a}{subsection.2.2.3}% 82
\BOOKMARK [3][-]{subsubsection.2.2.3.2}{\376\377\000R\000i\000t\000o\000r\000n\000o\000\040\000e\000\040\000O\000r\000i\000z\000z\000o\000n\000t\000e}{subsection.2.2.3}% 83
\BOOKMARK [2][-]{subsection.2.2.4}{\376\377\000M\000e\000c\000c\000a\000n\000i\000s\000m\000i\000\040\000D\000e\000c\000i\000s\000i\000o\000n\000a\000l\000i}{section.2.2}% 84
\BOOKMARK [3][-]{subsubsection.2.2.4.1}{\376\377\000P\000o\000l\000i\000c\000y}{subsection.2.2.4}% 85
\BOOKMARK [1][-]{section.2.3}{\376\377\000F\000u\000n\000z\000i\000o\000n\000i\000\040\000d\000i\000\040\000V\000a\000l\000o\000r\000e\000\040\000e\000d\000\040\000E\000q\000u\000a\000z\000i\000o\000n\000i\000\040\000d\000i\000\040\000B\000e\000l\000l\000m\000a\000n}{chapter.2}% 86
\BOOKMARK [2][-]{subsection.2.3.1}{\376\377\000F\000u\000n\000z\000i\000o\000n\000i\000\040\000d\000i\000\040\000v\000a\000l\000o\000r\000e}{section.2.3}% 87
\BOOKMARK [3][-]{subsubsection.2.3.1.1}{\376\377\000S\000t\000a\000t\000e\000-\000V\000a\000l\000u\000e\000\040\000F\000u\000n\000c\000t\000i\000o\000n\000\040\000V\000\050\000s\000\051}{subsection.2.3.1}% 88
\BOOKMARK [3][-]{subsubsection.2.3.1.2}{\376\377\000A\000c\000t\000i\000o\000n\000-\000V\000a\000l\000u\000e\000\040\000F\000u\000n\000c\000t\000i\000o\000n\000\040\000Q\000\050\000s\000,\000\040\000a\000\051}{subsection.2.3.1}% 89
\BOOKMARK [2][-]{subsection.2.3.2}{\376\377\000E\000q\000u\000a\000z\000i\000o\000n\000i\000\040\000d\000i\000\040\000B\000e\000l\000l\000m\000a\000n}{section.2.3}% 90
\BOOKMARK [2][-]{subsection.2.3.3}{\376\377\000O\000t\000t\000i\000m\000a\000l\000i\000t\000\340}{section.2.3}% 91
\BOOKMARK [3][-]{subsubsection.2.3.3.1}{\376\377\000E\000q\000u\000a\000z\000i\000o\000n\000e\000\040\000d\000i\000\040\000O\000t\000t\000i\000m\000a\000l\000i\000t\000\340\000\040\000d\000i\000\040\000B\000e\000l\000l\000m\000a\000n}{subsection.2.3.3}% 92
\BOOKMARK [1][-]{section.2.4}{\376\377\000T\000a\000s\000s\000o\000n\000o\000m\000i\000a\000\040\000d\000e\000g\000l\000i\000\040\000A\000l\000g\000o\000r\000i\000t\000m\000i}{chapter.2}% 93
\BOOKMARK [2][-]{subsection.2.4.1}{\376\377\000P\000r\000e\000s\000e\000n\000z\000a\000\040\000d\000e\000l\000\040\000M\000o\000d\000e\000l\000l\000o}{section.2.4}% 94
\BOOKMARK [3][-]{subsubsection.2.4.1.1}{\376\377\000M\000o\000d\000e\000l\000-\000B\000a\000s\000e\000d\000\040\000R\000L}{subsection.2.4.1}% 95
\BOOKMARK [3][-]{subsubsection.2.4.1.2}{\376\377\000M\000o\000d\000e\000l\000-\000F\000r\000e\000e\000\040\000R\000L}{subsection.2.4.1}% 96
\BOOKMARK [2][-]{subsection.2.4.2}{\376\377\000O\000g\000g\000e\000t\000t\000o\000\040\000d\000e\000l\000l\000'\000A\000p\000p\000r\000e\000n\000d\000i\000m\000e\000n\000t\000o}{section.2.4}% 97
\BOOKMARK [3][-]{subsubsection.2.4.2.1}{\376\377\000V\000a\000l\000u\000e\000-\000B\000a\000s\000e\000d\000\040\000M\000e\000t\000h\000o\000d\000s}{subsection.2.4.2}% 98
\BOOKMARK [3][-]{subsubsection.2.4.2.2}{\376\377\000P\000o\000l\000i\000c\000y\000-\000B\000a\000s\000e\000d\000\040\000M\000e\000t\000h\000o\000d\000s}{subsection.2.4.2}% 99
\BOOKMARK [3][-]{subsubsection.2.4.2.3}{\376\377\000A\000c\000t\000o\000r\000-\000C\000r\000i\000t\000i\000c\000\040\000M\000e\000t\000h\000o\000d\000s}{subsection.2.4.2}% 100
\BOOKMARK [2][-]{subsection.2.4.3}{\376\377\000D\000i\000n\000a\000m\000i\000c\000h\000e\000\040\000d\000i\000\040\000A\000p\000p\000r\000e\000n\000d\000i\000m\000e\000n\000t\000o}{section.2.4}% 101
\BOOKMARK [3][-]{subsubsection.2.4.3.1}{\376\377\000O\000n\000-\000P\000o\000l\000i\000c\000y\000\040\000L\000e\000a\000r\000n\000i\000n\000g}{subsection.2.4.3}% 102
\BOOKMARK [3][-]{subsubsection.2.4.3.2}{\376\377\000O\000f\000f\000-\000P\000o\000l\000i\000c\000y\000\040\000L\000e\000a\000r\000n\000i\000n\000g}{subsection.2.4.3}% 103
\BOOKMARK [2][-]{subsection.2.4.4}{\376\377\000M\000o\000d\000a\000l\000i\000t\000\340\000\040\000d\000i\000\040\000I\000n\000t\000e\000r\000a\000z\000i\000o\000n\000e}{section.2.4}% 104
\BOOKMARK [3][-]{subsubsection.2.4.4.1}{\376\377\000O\000n\000l\000i\000n\000e\000\040\000R\000e\000i\000n\000f\000o\000r\000c\000e\000m\000e\000n\000t\000\040\000L\000e\000a\000r\000n\000i\000n\000g}{subsection.2.4.4}% 105
\BOOKMARK [3][-]{subsubsection.2.4.4.2}{\376\377\000O\000f\000f\000l\000i\000n\000e\000\040\000\050\000B\000a\000t\000c\000h\000\051\000\040\000R\000e\000i\000n\000f\000o\000r\000c\000e\000m\000e\000n\000t\000\040\000L\000e\000a\000r\000n\000i\000n\000g}{subsection.2.4.4}% 106
\BOOKMARK [1][-]{section.2.5}{\376\377\000A\000l\000g\000o\000r\000i\000t\000m\000i\000\040\000M\000o\000d\000e\000l\000-\000B\000a\000s\000e\000d}{chapter.2}% 107
\BOOKMARK [2][-]{subsection.2.5.1}{\376\377\000D\000y\000n\000a\000-\000Q}{section.2.5}% 108
\BOOKMARK [2][-]{subsection.2.5.2}{\376\377\000M\000o\000n\000t\000e\000\040\000C\000a\000r\000l\000o\000\040\000T\000r\000e\000e\000\040\000S\000e\000a\000r\000c\000h\000\040\000\050\000M\000C\000T\000S\000\051}{section.2.5}% 109
\BOOKMARK [2][-]{subsection.2.5.3}{\376\377\000D\000e\000e\000p\000\040\000M\000o\000d\000e\000l\000-\000B\000a\000s\000e\000d\000\040\000R\000L\000:\000\040\000W\000o\000r\000l\000d\000\040\000M\000o\000d\000e\000l\000s}{section.2.5}% 110
\BOOKMARK [1][-]{section.2.6}{\376\377\000A\000l\000g\000o\000r\000i\000t\000m\000i\000\040\000M\000o\000d\000e\000l\000-\000F\000r\000e\000e\000\040\000V\000a\000l\000u\000e\000-\000B\000a\000s\000e\000d}{chapter.2}% 111
\BOOKMARK [2][-]{subsection.2.6.1}{\376\377\000M\000e\000t\000o\000d\000i\000\040\000T\000a\000b\000e\000l\000l\000a\000r\000i}{section.2.6}% 112
\BOOKMARK [3][-]{subsubsection.2.6.1.1}{\376\377\000S\000A\000R\000S\000A\000\040\000\050\000O\000n\000-\000P\000o\000l\000i\000c\000y\000\051}{subsection.2.6.1}% 113
\BOOKMARK [3][-]{subsubsection.2.6.1.2}{\376\377\000Q\000-\000L\000e\000a\000r\000n\000i\000n\000g\000\040\000\050\000O\000f\000f\000-\000P\000o\000l\000i\000c\000y\000\051}{subsection.2.6.1}% 114
\BOOKMARK [2][-]{subsection.2.6.2}{\376\377\000D\000e\000e\000p\000\040\000Q\000-\000N\000e\000t\000w\000o\000r\000k\000\040\000\050\000D\000Q\000N\000\051}{section.2.6}% 115
\BOOKMARK [3][-]{subsubsection.2.6.2.1}{\376\377\000E\000x\000p\000e\000r\000i\000e\000n\000c\000e\000\040\000R\000e\000p\000l\000a\000y\000\040\000B\000u\000f\000f\000e\000r}{subsection.2.6.2}% 116
\BOOKMARK [3][-]{subsubsection.2.6.2.2}{\376\377\000T\000a\000r\000g\000e\000t\000\040\000N\000e\000t\000w\000o\000r\000k}{subsection.2.6.2}% 117
\BOOKMARK [2][-]{subsection.2.6.3}{\376\377\000E\000v\000o\000l\000u\000z\000i\000o\000n\000i\000\040\000A\000r\000c\000h\000i\000t\000e\000t\000t\000u\000r\000a\000l\000i\000\040\000\050\000R\000a\000i\000n\000b\000o\000w\000\040\000D\000Q\000N\000\051}{section.2.6}% 118
\BOOKMARK [3][-]{subsubsection.2.6.3.1}{\376\377\000D\000o\000u\000b\000l\000e\000\040\000D\000Q\000N\000\040\000\050\000D\000D\000Q\000N\000\051}{subsection.2.6.3}% 119
\BOOKMARK [3][-]{subsubsection.2.6.3.2}{\376\377\000D\000u\000e\000l\000i\000n\000g\000\040\000D\000Q\000N}{subsection.2.6.3}% 120
\BOOKMARK [3][-]{subsubsection.2.6.3.3}{\376\377\000P\000r\000i\000o\000r\000i\000t\000i\000z\000e\000d\000\040\000E\000x\000p\000e\000r\000i\000e\000n\000c\000e\000\040\000R\000e\000p\000l\000a\000y\000\040\000\050\000P\000E\000R\000\051}{subsection.2.6.3}% 121
\BOOKMARK [1][-]{section.2.7}{\376\377\000A\000l\000g\000o\000r\000i\000t\000m\000i\000\040\000M\000o\000d\000e\000l\000-\000F\000r\000e\000e\000\040\000P\000o\000l\000i\000c\000y\000-\000B\000a\000s\000e\000d\000\040\000e\000\040\000A\000c\000t\000o\000r\000-\000C\000r\000i\000t\000i\000c}{chapter.2}% 122
\BOOKMARK [2][-]{subsection.2.7.1}{\376\377\000P\000o\000l\000i\000c\000y\000\040\000G\000r\000a\000d\000i\000e\000n\000t\000\040\000\050\000R\000E\000I\000N\000F\000O\000R\000C\000E\000\051}{section.2.7}% 123
\BOOKMARK [2][-]{subsection.2.7.2}{\376\377\000M\000e\000t\000o\000d\000i\000\040\000A\000c\000t\000o\000r\000-\000C\000r\000i\000t\000i\000c}{section.2.7}% 124
\BOOKMARK [2][-]{subsection.2.7.3}{\376\377\000P\000r\000o\000x\000i\000m\000a\000l\000\040\000P\000o\000l\000i\000c\000y\000\040\000O\000p\000t\000i\000m\000i\000z\000a\000t\000i\000o\000n\000\040\000\050\000P\000P\000O\000\051}{section.2.7}% 125
\BOOKMARK [3][-]{subsubsection.2.7.3.1}{\376\377\000C\000l\000i\000p\000p\000e\000d\000\040\000S\000u\000r\000r\000o\000g\000a\000t\000e\000\040\000O\000b\000j\000e\000c\000t\000i\000v\000e}{subsection.2.7.3}% 126
\BOOKMARK [2][-]{subsection.2.7.4}{\376\377\000S\000o\000f\000t\000\040\000A\000c\000t\000o\000r\000-\000C\000r\000i\000t\000i\000c\000\040\000\050\000S\000A\000C\000\051}{section.2.7}% 127
\BOOKMARK [1][-]{section.2.8}{\376\377\000S\000f\000i\000d\000e\000\040\000d\000e\000l\000\040\000D\000e\000e\000p\000\040\000R\000L\000\040\000n\000e\000i\000\040\000S\000i\000s\000t\000e\000m\000i\000\040\000d\000i\000\040\000R\000a\000c\000c\000o\000m\000a\000n\000d\000a\000z\000i\000o\000n\000e}{chapter.2}% 128
\BOOKMARK [2][-]{subsection.2.8.1}{\376\377\000L\000a\000r\000g\000e\000\040\000D\000i\000s\000c\000r\000e\000t\000e\000\040\000A\000c\000t\000i\000o\000n\000\040\000S\000p\000a\000c\000e\000s}{section.2.8}% 129
\BOOKMARK [2][-]{subsection.2.8.2}{\376\377\000S\000p\000a\000r\000s\000i\000t\000\340\000\040\000d\000e\000l\000l\000a\000\040\000R\000i\000c\000o\000m\000p\000e\000n\000s\000a\000\040\000e\000\040\000O\000r\000i\000z\000z\000o\000n\000t\000e}{section.2.8}% 130
\BOOKMARK [0][-]{chapter.3}{\376\377\000S\000t\000a\000t\000e\000\040\000S\000p\000a\000c\000e\000\040\000M\000o\000d\000e\000l\000s}{}% 131
\BOOKMARK [1][-]{section.3.1}{\376\377\000M\000a\000m\000b\000a}{chapter.3}% 132
\BOOKMARK [0][-]{chapter.4}{\376\377\000S\000i\000s\000t\000e\000m\000a\000\040\000p\000r\000o\000p\000o\000s\000t\000o}{}% 133
\BOOKMARK [0][-]{chapter.5}{\376\377\000V\000a\000l\000u\000t\000a\000z\000i\000o\000n\000i\000\040\000s\000p\000e\000r\000i\000m\000e\000n\000t\000a\000l\000i}{}% 134
\BOOKMARK [0][-]{section*.142}{\376\377\000C\000o\000n\000c\000l\000u\000s\000i\000o\000n\000i}{}% 135
\BOOKMARK [0][-]{section*.144}{\376\377\000E\000l\000e\000n\000c\000o\000\040\000d\000e\000l\000l\000e\000\040\000f\000i\000g\000u\000r\000e}{}% 136
\BOOKMARK [0][-]{section*.146}{\376\377\000B\000i\000b\000l\000i\000o\000g\000r\000a\000f\000i\000a}{}% 137
